This is pdfTeX, Version 3.1415926-2.4-1.40.13 (TeX Live 2012/Debian) (format=latex 2013.6.6)  23 JUN 2013 13:50
entering extended mode
 \write18 enabled.
 %&-line parsing enabled.
**\def\tikzexternalrealjob{JNMansfield-CS440-ARM11-Report}\input{JNMansfield-CS
440-ARM11-Report}
(./JNMansfield-CS440-ARM11-Report.tex (/usr/share/texlive/texmf-dist/tex/latex/
base/report.cls
Document Class: report 2007/10/19 v1.4h Standard LaTeX document class
(/usr/share/texlive/texmf-dist/tex/latex/base/size11.clo
File: size11.clo 2007/10/19 v1.4h Standard LaTeX file (size option)
)
\c@part=\count79
\c@chapter=\count80
\c@section=\count81
\c@subsection=\count82
\c@subsubsection=\count83
\c@paragraph=\count84
\c@subparagraph=\count85
\c@figure=\count86
\c@table=\count87
\abovecaptionskip=\skip41
\belowcaptionskip=\skip42
\bibindent=\dimen102
) (/usr/share/texlive/texmf-dist/tex/latex/fancyhdr/fancyhdr.sty
\fancy@headwidth=\skip43
\f@ncyO@elh=\skip44
\f@ncyO@erh=\skip45
\f@ncyO@olh=\skip46
\f@ncyO@orh=\skip47
\f@ncyO@elf=\skip48
\f@ncyO@erf=\skip49
\f@ncyO@olf=\skip50
\f@ncyO@orf=\skip51
) (/usr/share/texmf/tex/latex/xcolor/xcolor.sty
Package: xcolor 2007/01/21 v2.11 LaTeX color extensions (UK)
(/usr/share/texlive/texmf-dist/tex/latex/latexconfig/color.cfg
File: color.cfg 2007/01/18 v1.5 color configuration of teTeX/TeXLive
)
Package xcolor Info: Package option `usenames' ignored on input line 216.
Package xcolor Info: Driver file: dvips.def on input line 225.
(/usr/share/texlive/texmf-dist/tex/latex/graphics/dvips.def
File: dvips.def 1999/02/16 v3.0i Driver-dependant file (DPC,SPQR)
) (/usr/share/texlive/texmf-dist/tex/latex/colortbl/colortbl.sty
Package: colortbl 2012/02/13 v1.0a Color table columns (DPC)
(/usr/share/texlive/texmf-dist/tex/latex/tools/array.sty
Package: array 2008/09/09 v2.4c Tabular extension package (FMi)
\col@sep=\dimen103
\extrarowheight=\dimen104
\NC@list=\toks14
\extratabsurround=\skip52
\backup@length=\skip53
)
\everycr=\toks15
\minrowclearance=\skip54
)
\rownum=\count88
Package xcolor Info: Model `cmy' substituted by `cmy0' on input line 1337.
Package xcolor Info: Model `RGB' extended on input line 1353.
Package xcolor Info: Model `HTML' substituted by `rgb' on input line 1355.
Package xcolor Info: Model `Hsb' substituted by `hsb' on input line 1356.
Package xcolor Info: Model `tHsb' substituted by `hsb' on input line 1357.
Package xcolor Info: Model `HSB' substituted by `hsb' on input line 1358.
Package xcolor Info: Model `Gray' substituted by `gray' on input line 1359.
Package xcolor Info: Model `wave' substituted by `hsb' on input line 1360.
(/usr/share/texlive/texmf-dist/tex/latex/graphics/dvipsnam.def
File: dvipsnam.def 1999/02/16 v3.0i Driver-dependant file (DPC,SPQR)
) (/usr/share/texmf/tex/latex/xcolor/svgnam.def
File: svgnam.def 2007/01/21 v2.11 Predefined colors according to SVG 1.1 (UK)
)) (/usr/share/texlive/texmf-dist/tex/latex/base/inputenc.sty
Package: inputenc 2008/03/30 v1.1d Input encoding file
\inpenc@prehook=\toks16
\inpenc@posthook=\toks17
(/usr/share/texlive/texmf-dist/tex/latex/base/utf8.def
File: utf8.def 2008/04/05 v1.1m UTF-8 support for inputenc
Now handling font encoding OML ...
... no UTF-8 mapping file for font encoding OML
Now handling font encoding T1 ...
... processing UTF-8 mapping file for font encoding T1
(/usr/share/texlive/texmf-dist/tex/latex/base/t1enc.dfu
File: t1enc.dfu 2008/04/05 v1.1m UTF-8 support for inputenc
   defining Unicode char U+00A1 (decimal 161)
   defining Unicode char U+00A3 (decimal 163)
   defining Unicode char U+00AB (decimal 171)
   defining Unicode char U+00BB (decimal 187)
   defining Unicode char U+00BF (decimal 191)
   defining Unicode char U+00C0 (decimal 192)
   defining Unicode char U+00C1 (decimal 193)
   defining Unicode char U+00C2 (decimal 194)
   defining Unicode char U+00C3 (decimal 195)
   defining Unicode char U+00C4 (decimal 196)
   defining Unicode char U+00C5 (decimal 197)
   defining Unicode char U+00C6 (decimal 198)
   defining Unicode char U+00C7 (decimal 199)
   defining Unicode char U+00C8 (decimal 200)
   defining Unicode char U+00C9 (decimal 201)
   defining Unicode char U+00CA (decimal 202)
   defining Unicode char U+00CB (decimal 203)
   defining Unicode char U+00CC (decimal 204)
   defining Unicode char U+00CD (decimal 205)
   defining Unicode char U+00CE (decimal 206)
   defining Unicode char U+00CF (decimal 207)
   defining Unicode char U+00D0 (decimal 208)
   defining Unicode char U+00D1 (decimal 209)
   defining Unicode char U+00D2 (decimal 210)
   defining Unicode char U+00D3 (decimal 211)
   defining Unicode char U+00D4 (decimal 212)
   defining Unicode char U+00D5 (decimal 213)
   defining Unicode char U+00D6 (decimal 214)
   defining Unicode char U+00D8 (decimal 216)
   defining Unicode char U+00D9 (decimal 217)
   defining Unicode char U+00DA (decimal 218)
   defining Unicode char U+00DB (decimal 219)
   defining Unicode char U+00DC (decimal 220)
   defining Unicode char U+00DD (decimal 221)
   defining Unicode char U+00DE (decimal 222)
   defining Unicode char U+00DF (decimal 223)
   defining Unicode char U+00E0 (decimal 224)
   defining Unicode char U+00E1 (decimal 225)
   defining Unicode char U+00E2 (decimal 226)
   defining Unicode char U+00E3 (decimal 227)
   defining Unicode char U+00E4 (decimal 228)
   defining Unicode char U+00E5 (decimal 229)
   defining Unicode char U+00E6 (decimal 230)
   defining Unicode char U+00E7 (decimal 231)
   defining Unicode char U+00E8 (decimal 232)
   defining Unicode char U+00E9 (decimal 233)
   defining Unicode char U+00EA (decimal 234)
   defining Unicode char U+00EB (decimal 235)
   defining Unicode char U+00EC (decimal 236)
   defining Unicode char U+00ED (decimal 237)
   defining Unicode char U+00EE (decimal 238)
   defining Unicode char U+00EF (decimal 239)
   defining Unicode char U+00F0 (decimal 240)
   defining Unicode char U+00F1 (decimal 241)
   defining Unicode char U+00F2 (decimal 242)
   defining Unicode char U+00F3 (decimal 243)
   defining Unicode char U+00F4 (decimal 244)
   defining Unicode char U+00F5 (decimal 245)
   defining Unicode char U+00F6 (decimal 246)
   defining Unicode char U+00F8 (decimal 248)
   defining Unicode char U+00F9 (decimal 249)
   defining Unicode char U+00FA (decimal 250)
   defining Unicode char U+00FB (decimal 251)
   defining Unicode char U+00FC (decimal 252)
   defining Unicode char U+00FD (decimal 253)
   defining Unicode char U+00FE (decimal 254)
   defining Unicode char U+00FF (decimal 255)
   defining Unicode char U+0102 (decimal 258)
   defining Unicode char U+0103 (decimal 259)
   defining Unicode char U+0104 (decimal 260)
   defining Unicode char U+0105 (decimal 261)
   defining Unicode char U+0106 (decimal 262)
   defining Unicode char U+0107 (decimal 263)
   defining Unicode char U+010C (decimal 268)
   defining Unicode char U+010D (decimal 269)
   defining Unicode char U+010E (decimal 270)
   defining Unicode char U+010F (decimal 271)
   defining Unicode char U+0110 (decimal 272)
   defining Unicode char U+0111 (decimal 273)
   defining Unicode char U+0118 (decimal 280)
   defining Unicode char U+0119 (decimal 281)
   defining Unicode char U+011A (decimal 282)
   defining Unicode char U+011B (decimal 283)
   defining Unicode char U+011E (decimal 286)
   defining Unicode char U+011F (decimal 287)
   defining Unicode char U+0130 (decimal 304)
   defining Unicode char U+0131 (decimal 305)
   defining Unicode char U+0132 (decimal 306)
   defining Unicode char U+0133 (decimal 307)
   defining Unicode char U+0139 (decimal 313)
   defining Unicode char U+013A (decimal 314)
   defining Unicode char U+013D (decimal 317)
   defining Unicode char U+013E (decimal 318)
   defining Unicode char U+0141 (decimal 321)
   defining Unicode char U+0142 (decimal 322)
   defining Unicode char U+0143 (decimal 323)
   defining Unicode char U+0144 (decimal 324)
   defining Unicode char U+0147 (decimal 327)
   defining Unicode char U+0148 (decimal 328)
   defining Unicode char U+014A (decimal 330)
   defining Unicode char U+014B (decimal 331)
   defining Unicode char U+0150 (decimal 336)
   defining Unicode char U+0151 (decimal 337)
   defining Unicode char U+0152 (decimal 338)
   defining Unicode char U+0153 (decimal 339)
   defining Unicode char U+0154 (decimal 340)
   defining Unicode char U+0155 (decimal 341)
   defining Unicode char U+0158 (decimal 344)
   defining Unicode char U+0159 (decimal 345)
   defining Unicode char U+015A (decimal 346)
   defining Unicode char U+015B (decimal 347)
   defining Unicode char U+015E (decimal 350)
   defining Unicode char U+015F (decimal 351)
   defining Unicode char U+0160 (decimal 352)
   defining Unicode char U+0161 (decimal 353)
   defining Unicode char U+0162 (decimal 354)
   defining Unicode char U+0163 (decimal 355)
   defining Unicode char U+0164 (decimal 356)
   defining Unicode char U+0165 (decimal 357)
   defining Unicode char U+016E (decimal 366)
   defining Unicode char U+016F (decimal 367)
   defining Unicode char U+0170 (decimal 368)
   defining Unicode char U+0171 (decimal 369)
   defining Unicode char U+0178 (decimal 376)
   defining Unicode char U+0179 (decimal 377)
   defining Unicode char U+017A (decimal 378)
   defining Unicode char U+017B (decimal 379)
   defining Unicode char U+017C (decimal 380)
   defining Unicode char U+017D (decimal 381)
   defining Unicode char U+017E (decimal 382)
   defining Unicode char U+200C (decimal 8204)
   defining Unicode char U+2013 (decimal 8211)
   defining Unicode char U+2014 (decimal 8212)
   defining Unicode char U+2018 (decimal 8216)
   defining Unicode char U+2019 (decimal 8217)
   defining Unicode char U+201A (decimal 8218)
   defining Unicode char U+201C (decimal 8220)
   defining Unicode char U+201D (decimal 8221)
   defining Unicode char U+201E (decimal 8222)
   defining Unicode char U+2030 (decimal 8240)
   defining Unicode char U+2031 (decimal 8241)
   defining Unicode char U+2039 (decimal 8249)
   defining Unicode char U+203A (decimal 8250)
   defining Unicode char U+2423 (decimal 9251)
)
Now handling font encoding OT1 ...
... processing UTF-8 mapping file for font encoding OT1
(/usr/share/texlive/texmf-dist/tex/latex/base/ot1enc.dfu
File: ot1enc.dfu 2008/04/05 v1.1m UTF-8 support for inputenc
   defining Unicode char U+00A1 (decimal 161)
   defining Unicode char U+00A3 (decimal 163)
   defining Unicode char U+00B8 (decimal 184)
   defining Unicode char U+00BF (decimal 191)
   defining Unicode char U+00C5 (decimal 197)
   defining Unicode char U+00C6 (decimal 198)
   defining Unicode char U+00D8 (decimal 216)
   defining Unicode char U+00DF (decimal 223)
   defining Unicode char U+00E6 (decimal 230)
   defining Unicode char U+00EC (decimal 236)
   defining Unicode char U+00ED (decimal 237)
   defining Unicode char U+00EE (decimal 238)
   defining Unicode char U+00EF (decimal 239)
   defining Unicode char U+00F8 (decimal 248)
   defining Unicode char U+0131 (decimal 305)
   defining Unicode char U+0141 (decimal 321)
   defining Unicode char U+0142 (decimal 322)
   defining Unicode char U+0152 (decimal 338)
   defining Unicode char U+0153 (decimal 339)
   defining Unicode char U+2013 (decimal 8211)
   defining Unicode char U+2014 (decimal 8212)
   defining Unicode char U+2018 (decimal 8216)
   defining Unicode char U+2019 (decimal 8217)
   defining Unicode char U+201C (decimal 8220)
   defining Unicode char U+201D (decimal 8221)
)
Now handling font encoding OMS ...
... processing UTF-8 mapping file for font encoding OMS
(/usr/share/texlive/texmf-dist/tex/latex/base/omsenc.dfu
File: omsenc.dfu 2008/04/05 v1.1m UTF-8 support for inputenc
   defining Unicode char U+00A7 (decimal 167)
   defining Unicode char U+00B6 (decimal 182)
   defining Unicode char U+00B7 (decimal 183)
   defining Unicode char U+2020 (decimal 8224)
   defining Unicode char U+2021 (decimal 8225)
   defining Unicode char U+2022 (decimal 8226)
)
Now handling font encoding OMX ...
... no UTF-8 mapping file for font encoding OMX
Now handling font encoding U ...
... no UTF-8 mapping file for font encoding U
   defining Unicode char U+00A9 (decimal 169)
   defining Unicode char U+00AA (decimal 170)
   defining Unicode char U+00AE (decimal 174)
   defining Unicode char U+00BA (decimal 186)
   defining Unicode char U+02C6 (decimal 710)
   defining Unicode char U+02DC (decimal 732)
   defining Unicode char U+200C (decimal 8204)
   defining Unicode char U+2026 (decimal 8230)
   defining Unicode char U+2122 (decimal 8482)
   defining Unicode char U+2423 (decimal 9251)
)) (/usr/share/texlive/texmf-dist/tex/latex/setspace/setspace.sty
Package: setspace 2011/12/19 v6.7a set line spacing
) (/usr/share/texlive/texmf-dist/tex/latex/url/url.sty
\Urlmuskip=\muskip10
Package: url 2006/04/12  ver 3.3  Verb mode for urls, etc.
) (/usr/share/texlive/texmf-dist/tex/latex/hyperref/hyperref.sty
Package: hyperref 2012/05/13 v6.82q Hypertext links for LaTeX
(/usr/share/texlive/texmf-dist/tex/generic/oberdiek/hobsub-hyperref.sty
Package: hobsub-hyperref 2012/05/28 v1.13 Bundle oberdiek, subset hyperref (HO)

(/usr/share/texlive/texmf-dist/tex/generic/oberdiek/hobsub-generic.sty
Package: hobsub-generic 2012/05/28 v1.13 Bundle oberdiek, subset generic (HO)
Package: hobsub 2012/05/28 v1.13 Construct package bundles (HO)
Package: infwarerr 2010/04/08 v1.3 Providing info/warning/error messages (HO)
Package: ltxcmds 2011/11/09 v1.22 LaTeX kernel commands for general use (HO)
Package: ifluatex 2010/03/01 v1.3 Provides the ifluatex switch (HO)
Package ifluatex Info: LuaTeX not detected.
Package: ifvtex 2010/03/01 v1.5 Detect VTeX and its facilities (HO)
Package ifvtex Info: VTeX not detected.
Package: intcalc 2007/09/27 v1.1 Expandable calculations with integers (HO)
Package: ifpdf 2011/01/30 v2.3 Provides the ifpdf switch (HO)
Package ifpdf Info: pdfTeX in PDF mode is not detected.
Package: etexcmds 2011/02/16 v1.5 Avoid name clashes with e-TeX commands (HO)
Package etexcmds Info: Could not find \expanded.
(etexcmds)             That can mean that you are not using pdfTeX 1.50 or
(etexcmds)             that some package has redefined \expanded.
(etexcmds)             In the latter case, load this package earlier.
Package: kvsetkeys 2012/04/25 v1.16 Key value parser (HO)
Package: kvdefinekeys 2011/04/07 v1.3 Define keys (HO)
Package: pdftexcmds 2011/11/29 v0.20 Utility functions of pdfTeX for LuaTeX (HO
)
Package pdftexcmds Info: LuaTeX not detected.
Package pdftexcmds Info: \pdf@primitive is available.
Package pdftexcmds Info: \pdf@ifprimitive is available.
Package pdftexcmds Info: \pdfdraftmode is ignored in DVI mode.
Package: pdfescape 2011/11/25 v1.13 Implements pdfTeX's escape features (HO)
Package: bigintcalc 2012/04/08 v1.3 Expandable calculations on big integers (HO
)
Package: bitset 2011/01/30 v1.1 Handle bit-vector datatype (HO)
Package: uniquecounter 2011/01/30 v1.2 Provide unlimited unique counter (HO)
)
Package hobsub Info: Skipping package `hobsub' (already loaded).
Package: letltxmacro 2010/09/02 v1.4 Let assignment for LaTeX macros (HO)
Package: hopatch 2012/05/28 v1.2 Wrapper for package hooks (HO)
Package: xcolor-patch 2011/01/30 xcolor patch
Package: atveryend 2011/06/30 v1.8 Hooks at the very end of document (HO)
Package atveryend Info: \enddocument detected (standard20110627).
Package: atbegshi 2011/10/05 v1.16 At begin shipout hook (HO)
Package: refcount 2011/10/16 v3.4 Data extraction from label references (HO)
Package: hycolor 2011/01/30 v1.7 Color options for hyperref/bookmark (HO)
) (/usr/share/texlive/texmf-dist/tex/latex/graphics/keyval.sty
Package: keyval 1999/03/16 v1.13 key=value parser (DPC)
\KV@toks@=\toks18
) (/usr/share/texlive/texmf-dist/tex/generic/ifxetex/ifxetex.sty
Package: ifxetex 2010/09/12 v0.6 Provides ifxetex conditional
) (/usr/share/texlive/texmf-dist/tex/latex/oberdiek/kvoptions.sty
Package: kvoptions 2011/06/30 v3.11 Key value format for package options (HO)
)
\@linkdim=\dimen105
\Hy@linkcounter=\count89
\Hy@pagecounter=\count90
(/usr/share/texlive/texmf-dist/tex/latex/hyperref/pd1enc.def
File: pd1enc.def 2012/05/13 v6.82q Hyperref: PDFDocEncoding definition (HO)
Now handling font encoding PD1 ...
... no UTF-8 mapping file for font encoding PD1
)
\Hy@SavedSpaceFactor=\count91
(/usr/share/texlive/texmf-dist/tex/latex/latexconfig/hyperref.cfg
File: hyperref.cfg 2002/06/06 v1.2 hyperref configuration of TeXLive
)
Package hyperref Info: Hyper figures OFF on input line 4062.
Package hyperref Info: Link nesting OFF on input line 4067.
Package hyperref Info: Hyper index ON on input line 4070.
Package hyperref Info: Plain pages OFF on input line 4077.
Package hyperref Info: Backreferencing OFF on input line 4082.
Package hyperref Info: Implicit mode ON; LaTeX internals redefined.
Package hyperref Info: Bookmarks ON on input line 4300.
\c@Hy@tempcnt=\count92
LaTeX Info: Redefining \url on input line 4653.
\Fld@menulength=\count93
\Field@Width=\dimen106
\Fld@charsize=\dimen107
Package hyperref Info: Hyper figures OFF on input line 5773.
Package hyperref Info: Link nesting OFF on input line 5778.
Package hyperref Info: Hyper index ON on input line 5781.
Package hyperref Info: backreferencing OFF on input line 5788.
Package hyperref Info: Link coloring OFF on input line 5793.
Package hyperref Info: Link coloring with OCG OFF on input line 5798.
Package hyperref Info: PDF/A mode OFF on input line 5803.
LaTeX Info: Redefining \ref on input line 5843.
LaTeX Info: Redefining \pageref on input line 5847.
\Hy@abspage=\count94
\c@Item=\count95
\c@Hfootnote=\count96
)

Package hyperref Message: Driver (default): hdvips.

(/usr/share/texlive/texmf-dist/tex/latex/hyperref/hdvips.def
File: hdvips.def 2012/05/13 v6.82q Hyperref driver for dvips
(/usr/share/texlive/texmf-dist/tex/latex/hyperref/pdfmark.def
File: pdfmark.def 2012/05/13 v6.82q Hyperref definitions for pdfmark specials
\pdf@docset=\toks19
\pdf@box=\box26
\pdf@toks=\toks20
\pdf@defaulttoks=\toks21
\Fld@listcount=\count97
\c@bookmark@seq@number=\count98
(/usr/share/texlive/texmf-dist/tex/latex/oberdiek/rerunfilecheck.sty
Package: rerunfilecheck 2011/04/15 v1.7 Rerun checks for auxiliary files (HO)
Package uniquecounter Info: New unique counter `rerunfilecheck' on input line 2
82.
)
\Hy@SectionHShift=\skip55
)) (/usr/share/texlive/texmf-dist/tex/latex/float/float.sty
Package: float 2001/11/08 v1.3d Float enhancements (AL)
\c@float@type=\count99
\float@exts=\toks22
\float@box=\box27
\@float@everytoks=\toks23
\@floatcapt=\box28
) (/usr/share/texlive/texmf-dist/tex/latex/graphics/graphicx.sty
Package: graphicx 1999/02/16 v1.0f Enhanced LaTeX Graphics (DPC,SPQR)
(/usr/share/texlive/texmf-dist/tex/latex/graphics/graphics.sty
Package: graphics 2009/02/05 v1.0o Standard LaTeX Graphics (DPC,SPQR)
(/usr/share/texlive/texmf-dist/tex/latex/graphics/trig.sty
Package: trig 1999/03/16 v1.09 sin cos tan (DPC)
) (/usr/share/texlive/texmf-dist/tex/latex/latexconfig/graphics.cfg
File: graphics.cfg 2010/04/23 v1.9 graphics configuration of TeX Live
)
Package graphics Info: Driver file: dvips.def on input line 91.
)
\Gin@req@height=\dimen108
\Gin@req@width=\dimen109
) (/usr/share/texlive/texmf-dist/tex/latex/listings/listings.sty
\lst@mode=\count100
\lst@gtempboxa=\box29
\lst@token=\toks24
\lst@length=\count101
\lst@currlwidth=\dimen110
\lst@column=\count102
\lst@pos=\count103
\lst@lostspace=\dimen111
\lst@width=\dimen112
\lst@newlines=\count104
\lst@lineno=\count105
\lst@maxwidth=\dimen113
(/usr/share/texlive/texmf-dist/tex/latex/listings/lstmisc.sty
File: lstmisc.sty 2007/02/22 1.4 (Carsten Heinz)
\c@lstnumber=\count106
\lst@skipnumbers=\count107
\lst@framebox=\box30
) (/usr/share/texlive/texmf-dist/tex/latex/listings/listings.cfg
File: listings.cfg 2007/02/22 1.4 listings configuration
))
Package: listings 2007/02/22 1.4 (Carsten Heinz)
(/usr/share/texlive/texmf-dist/tex/latex/minted/minted.sty
Package: minted 2011/09/17 v1.7 Yet another Pygments shim for LaTeX
(/usr/share/texlive/texmf-dist/tex/latex/fancyvrb/fancyvrb.sty
Package: fancyvrb 2008/02/07

Style option: `fancyvrb' v2.7a, with DG/SPQR fixes, and firstline=lastline fix 
<2008/02/07> (tvz)
\FV@CodeLineNo=\count108
\FV@InFile=\read1
\FV@TabBox=\box31
\c@FancyVerbLine=\count109
\FV@StepNumber=\count110
\FV@OutFile=\write3
) (/usr/share/texlive/texmf-dist/tex/latex/base/ifthen.sty
Package: ifthen 2001/05/26 v1.1c Standard LaTeX ifthen package (DPC)
) (/usr/share/texlive/texmf-dist/tex/latex/tools/calc.sty
Package: calc 2007/08/22 v4.3 Infix arithmetic (KKT,FJ)
\calc@Acount=\count111
\calc@Bcount=\count112
\calc@Adimen=\dimen114
\calc@Bdimen=\dimen115
\calc@Askip=\skip56
\calc@Bskip=\skip57
LaTeX Info: Redefining \setlength on input line 76.
LaTeX Info: Redefining \addtolength on input line 77.
\calc@Ccount=\count113
\calc@Cskip=\skip58
) (/usr/share/texlive/texmf-dist/tex/latex/ifplatform/ifplatform.sty
Package: ifplatform 2010/10/22 v0.4 Testing for the operating system
(/usr/share/texlive/texmf-dist/tex/generic/oberdiek/catchfile.sty
Package: catchfile 2011/03/01 v1.6 Catch the contents of a file (HO)
)
runsystem(uname -s > "JNMansfield-CS440-ARM11-Report-figure0.w18")...executed.

(./JNMansfield-CS440-ARM11-Report-figure0.w18)
runsystem(rm -- "JNMansfield-CS440-ARM11-Report-figure0.w18")...executed.

)
\minted@bgbox=\box32
\minted@code=\write4
\@float@every@listing=\toks25
\c@listing=\count114
)
runsystem(which pygmentize && touch JNMansfield-CS440-ARM11-Report-figure0.aex)
...executed.

runsystem(rm JNMansfield-CS440-ARM11-Report-figure0.aex)...executed.

runsystem(pygmentize -S tango -f latex > JNMansfield-CS440-ARM11-Report-figure0
.pyg)...executed.

(./JNMansfield-CS440-ARM11-Report-figure0.pyg) (./mips.sty) (/usr/share/texmf/t
ex/latex/pgf/frontendlayer/tikz.sty (/usr/share/texmf/tex/latex/pgf/basiclayer/
pgf.sty (/usr/share/texmf/tex/latex/pgf/utilities/pgfrcs.sty (/usr/share/texmf/
tex/generic/pgf/utilities/pgfutil-common.tex
\pgfutil@everybye=\toks26
) (/usr/share/texmf/tex/generic/pgf/utilities/pgfutil-latex.def
\pgfutil@abb=\box33
(/usr/share/texlive/texmf-dist/tex/latex/ms/everyshi.sty
Package: everyshi 2001/05/15 v3.00 EveryShipout Package (MS)
)) (/usr/share/texmf/tex/generic/pgf/utilities/pgfrcs.code.tex
Package: pgfrcs 2010/10/25 v2.10 (rcs-revision 1.24)
))
Package: pgf 2008/01/15 v2.10 (rcs-revision 1.12)
(/usr/share/texmf/tex/latex/pgf/basiclayer/pgfcore.sty (/usr/share/texmf/tex/la
tex/pgf/systemlayer/pgfsys.sty (/usr/share/texmf/tex/generic/pgf/systemlayer/pg
fsys.code.tex
Package: pgfsys 2010/06/30 v2.10 (rcs-revision 1.37)
(/usr/share/texmf/tex/generic/pgf/utilities/pgfkeys.code.tex
\pgfkeys@pathtoks=\toks27
\pgfkeys@temptoks=\toks28
(/usr/share/texmf/tex/generic/pgf/utilities/pgfkeysfiltered.code.tex
\pgfkeys@tmptoks=\toks29
))
\pgf@x=\dimen116
\pgf@y=\dimen117
\pgf@xa=\dimen118
\pgf@ya=\dimen119
\pgf@xb=\dimen120
\pgf@yb=\dimen121
\pgf@xc=\dimen122
\pgf@yc=\dimen123
\w@pgf@writea=\write5
\r@pgf@reada=\read2
\c@pgf@counta=\count115
\c@pgf@countb=\count116
\c@pgf@countc=\count117
\c@pgf@countd=\count118
(/usr/share/texmf/tex/generic/pgf/systemlayer/pgf.cfg
File: pgf.cfg 2008/05/14  (rcs-revision 1.7)
)
Package pgfsys Info: Driver file for pgf: pgfsys-dvips.def on input line 900.
(/usr/share/texmf/tex/generic/pgf/systemlayer/pgfsys-dvips.def
File: pgfsys-dvips.def 2008/04/03  (rcs-revision 1.20)
(/usr/share/texmf/tex/generic/pgf/systemlayer/pgfsys-common-postscript.def
File: pgfsys-common-postscript.def 2008/10/01  (rcs-revision 1.22)
\pgf@objectcount=\count119
))) (/usr/share/texmf/tex/generic/pgf/systemlayer/pgfsyssoftpath.code.tex
File: pgfsyssoftpath.code.tex 2008/07/18  (rcs-revision 1.7)
\pgfsyssoftpath@smallbuffer@items=\count120
\pgfsyssoftpath@bigbuffer@items=\count121
) (/usr/share/texmf/tex/generic/pgf/systemlayer/pgfsysprotocol.code.tex
File: pgfsysprotocol.code.tex 2006/10/16  (rcs-revision 1.4)
)) (/usr/share/texmf/tex/generic/pgf/basiclayer/pgfcore.code.tex
Package: pgfcore 2010/04/11 v2.10 (rcs-revision 1.7)
(/usr/share/texmf/tex/generic/pgf/math/pgfmath.code.tex (/usr/share/texmf/tex/g
eneric/pgf/math/pgfmathcalc.code.tex (/usr/share/texmf/tex/generic/pgf/math/pgf
mathutil.code.tex) (/usr/share/texmf/tex/generic/pgf/math/pgfmathparser.code.te
x
\pgfmath@dimen=\dimen124
\pgfmath@count=\count122
\pgfmath@box=\box34
\pgfmath@toks=\toks30
\pgfmath@stack@operand=\toks31
\pgfmath@stack@operation=\toks32
) (/usr/share/texmf/tex/generic/pgf/math/pgfmathfunctions.code.tex (/usr/share/
texmf/tex/generic/pgf/math/pgfmathfunctions.basic.code.tex) (/usr/share/texmf/t
ex/generic/pgf/math/pgfmathfunctions.trigonometric.code.tex) (/usr/share/texmf/
tex/generic/pgf/math/pgfmathfunctions.random.code.tex) (/usr/share/texmf/tex/ge
neric/pgf/math/pgfmathfunctions.comparison.code.tex) (/usr/share/texmf/tex/gene
ric/pgf/math/pgfmathfunctions.base.code.tex) (/usr/share/texmf/tex/generic/pgf/
math/pgfmathfunctions.round.code.tex) (/usr/share/texmf/tex/generic/pgf/math/pg
fmathfunctions.misc.code.tex))) (/usr/share/texmf/tex/generic/pgf/math/pgfmathf
loat.code.tex
\c@pgfmathroundto@lastzeros=\count123
)) (/usr/share/texmf/tex/generic/pgf/basiclayer/pgfcorepoints.code.tex
File: pgfcorepoints.code.tex 2010/04/09  (rcs-revision 1.20)
\pgf@picminx=\dimen125
\pgf@picmaxx=\dimen126
\pgf@picminy=\dimen127
\pgf@picmaxy=\dimen128
\pgf@pathminx=\dimen129
\pgf@pathmaxx=\dimen130
\pgf@pathminy=\dimen131
\pgf@pathmaxy=\dimen132
\pgf@xx=\dimen133
\pgf@xy=\dimen134
\pgf@yx=\dimen135
\pgf@yy=\dimen136
\pgf@zx=\dimen137
\pgf@zy=\dimen138
) (/usr/share/texmf/tex/generic/pgf/basiclayer/pgfcorepathconstruct.code.tex
File: pgfcorepathconstruct.code.tex 2010/08/03  (rcs-revision 1.24)
\pgf@path@lastx=\dimen139
\pgf@path@lasty=\dimen140
) (/usr/share/texmf/tex/generic/pgf/basiclayer/pgfcorepathusage.code.tex
File: pgfcorepathusage.code.tex 2008/04/22  (rcs-revision 1.12)
\pgf@shorten@end@additional=\dimen141
\pgf@shorten@start@additional=\dimen142
) (/usr/share/texmf/tex/generic/pgf/basiclayer/pgfcorescopes.code.tex
File: pgfcorescopes.code.tex 2010/09/08  (rcs-revision 1.34)
\pgfpic=\box35
\pgf@hbox=\box36
\pgf@layerbox@main=\box37
\pgf@picture@serial@count=\count124
) (/usr/share/texmf/tex/generic/pgf/basiclayer/pgfcoregraphicstate.code.tex
File: pgfcoregraphicstate.code.tex 2008/04/22  (rcs-revision 1.9)
\pgflinewidth=\dimen143
) (/usr/share/texmf/tex/generic/pgf/basiclayer/pgfcoretransformations.code.tex
File: pgfcoretransformations.code.tex 2009/06/10  (rcs-revision 1.11)
\pgf@pt@x=\dimen144
\pgf@pt@y=\dimen145
\pgf@pt@temp=\dimen146
) (/usr/share/texmf/tex/generic/pgf/basiclayer/pgfcorequick.code.tex
File: pgfcorequick.code.tex 2008/10/09  (rcs-revision 1.3)
) (/usr/share/texmf/tex/generic/pgf/basiclayer/pgfcoreobjects.code.tex
File: pgfcoreobjects.code.tex 2006/10/11  (rcs-revision 1.2)
) (/usr/share/texmf/tex/generic/pgf/basiclayer/pgfcorepathprocessing.code.tex
File: pgfcorepathprocessing.code.tex 2008/10/09  (rcs-revision 1.8)
) (/usr/share/texmf/tex/generic/pgf/basiclayer/pgfcorearrows.code.tex
File: pgfcorearrows.code.tex 2008/04/23  (rcs-revision 1.11)
) (/usr/share/texmf/tex/generic/pgf/basiclayer/pgfcoreshade.code.tex
File: pgfcoreshade.code.tex 2008/11/23  (rcs-revision 1.13)
\pgf@max=\dimen147
\pgf@sys@shading@range@num=\count125
) (/usr/share/texmf/tex/generic/pgf/basiclayer/pgfcoreimage.code.tex
File: pgfcoreimage.code.tex 2010/03/25  (rcs-revision 1.16)
(/usr/share/texmf/tex/generic/pgf/basiclayer/pgfcoreexternal.code.tex
File: pgfcoreexternal.code.tex 2010/09/01  (rcs-revision 1.17)
\pgfexternal@startupbox=\box38
)) (/usr/share/texmf/tex/generic/pgf/basiclayer/pgfcorelayers.code.tex
File: pgfcorelayers.code.tex 2010/08/27  (rcs-revision 1.2)
) (/usr/share/texmf/tex/generic/pgf/basiclayer/pgfcoretransparency.code.tex
File: pgfcoretransparency.code.tex 2008/01/17  (rcs-revision 1.2)
) (/usr/share/texmf/tex/generic/pgf/basiclayer/pgfcorepatterns.code.tex
File: pgfcorepatterns.code.tex 2009/07/02  (rcs-revision 1.3)
))) (/usr/share/texmf/tex/generic/pgf/modules/pgfmoduleshapes.code.tex
File: pgfmoduleshapes.code.tex 2010/09/09  (rcs-revision 1.13)
\pgfnodeparttextbox=\box39
) (/usr/share/texmf/tex/generic/pgf/modules/pgfmoduleplot.code.tex
File: pgfmoduleplot.code.tex 2010/10/22  (rcs-revision 1.8)
) (/usr/share/texmf/tex/latex/pgf/compatibility/pgfcomp-version-0-65.sty
Package: pgfcomp-version-0-65 2007/07/03 v2.10 (rcs-revision 1.7)
\pgf@nodesepstart=\dimen148
\pgf@nodesepend=\dimen149
) (/usr/share/texmf/tex/latex/pgf/compatibility/pgfcomp-version-1-18.sty
Package: pgfcomp-version-1-18 2007/07/23 v2.10 (rcs-revision 1.1)
)) (/usr/share/texmf/tex/latex/pgf/utilities/pgffor.sty (/usr/share/texmf/tex/l
atex/pgf/utilities/pgfkeys.sty (/usr/share/texmf/tex/generic/pgf/utilities/pgfk
eys.code.tex)) (/usr/share/texmf/tex/generic/pgf/utilities/pgffor.code.tex
Package: pgffor 2010/03/23 v2.10 (rcs-revision 1.18)
\pgffor@iter=\dimen150
\pgffor@skip=\dimen151
\pgffor@stack=\toks33
\pgffor@toks=\toks34
)) (/usr/share/texmf/tex/generic/pgf/frontendlayer/tikz/tikz.code.tex
Package: tikz 2010/10/13 v2.10 (rcs-revision 1.76)
(/usr/share/texmf/tex/generic/pgf/libraries/pgflibraryplothandlers.code.tex
File: pgflibraryplothandlers.code.tex 2010/05/31 v2.10 (rcs-revision 1.15)
\pgf@plot@mark@count=\count126
\pgfplotmarksize=\dimen152
)
\tikz@lastx=\dimen153
\tikz@lasty=\dimen154
\tikz@lastxsaved=\dimen155
\tikz@lastysaved=\dimen156
\tikzleveldistance=\dimen157
\tikzsiblingdistance=\dimen158
\tikz@figbox=\box40
\tikz@tempbox=\box41
\tikztreelevel=\count127
\tikznumberofchildren=\count128
\tikznumberofcurrentchild=\count129
\tikz@fig@count=\count130
(/usr/share/texmf/tex/generic/pgf/modules/pgfmodulematrix.code.tex
File: pgfmodulematrix.code.tex 2010/08/24  (rcs-revision 1.4)
\pgfmatrixcurrentrow=\count131
\pgfmatrixcurrentcolumn=\count132
\pgf@matrix@numberofcolumns=\count133
)
\tikz@expandcount=\count134

(/usr/share/texmf/tex/generic/pgf/frontendlayer/tikz/libraries/tikzlibrarytopat
hs.code.tex
File: tikzlibrarytopaths.code.tex 2008/06/17 v2.10 (rcs-revision 1.2)
)))
(/usr/share/texmf/tex/generic/pgf/frontendlayer/tikz/libraries/tikzlibraryshape
s.code.tex
File: tikzlibraryshapes.code.tex 2008/01/09 v2.10 (rcs-revision 1.1)

(/usr/share/texmf/tex/generic/pgf/frontendlayer/tikz/libraries/tikzlibraryshape
s.geometric.code.tex
File: tikzlibraryshapes.geometric.code.tex 2008/01/09 v2.10 (rcs-revision 1.1)

(/usr/share/texmf/tex/generic/pgf/libraries/shapes/pgflibraryshapes.geometric.c
ode.tex
File: pgflibraryshapes.geometric.code.tex 2008/06/26 v2.10 (rcs-revision 1.1)
))
(/usr/share/texmf/tex/generic/pgf/frontendlayer/tikz/libraries/tikzlibraryshape
s.misc.code.tex
File: tikzlibraryshapes.misc.code.tex 2008/01/09 v2.10 (rcs-revision 1.1)

(/usr/share/texmf/tex/generic/pgf/libraries/shapes/pgflibraryshapes.misc.code.t
ex
File: pgflibraryshapes.misc.code.tex 2008/10/07 v2.10 (rcs-revision 1.3)
))
(/usr/share/texmf/tex/generic/pgf/frontendlayer/tikz/libraries/tikzlibraryshape
s.symbols.code.tex
File: tikzlibraryshapes.symbols.code.tex 2008/01/09 v2.10 (rcs-revision 1.1)

(/usr/share/texmf/tex/generic/pgf/libraries/shapes/pgflibraryshapes.symbols.cod
e.tex
File: pgflibraryshapes.symbols.code.tex 2009/10/27 v2.10 (rcs-revision 1.3)
))
(/usr/share/texmf/tex/generic/pgf/frontendlayer/tikz/libraries/tikzlibraryshape
s.arrows.code.tex
File: tikzlibraryshapes.arrows.code.tex 2008/01/09 v2.10 (rcs-revision 1.1)

(/usr/share/texmf/tex/generic/pgf/libraries/shapes/pgflibraryshapes.arrows.code
.tex
File: pgflibraryshapes.arrows.code.tex 2008/06/26 v2.10 (rcs-revision 1.1)
))
(/usr/share/texmf/tex/generic/pgf/frontendlayer/tikz/libraries/tikzlibraryshape
s.callouts.code.tex
(/usr/share/texmf/tex/generic/pgf/libraries/shapes/pgflibraryshapes.callouts.co
de.tex))
(/usr/share/texmf/tex/generic/pgf/frontendlayer/tikz/libraries/tikzlibraryshape
s.multipart.code.tex
File: tikzlibraryshapes.multipart.code.tex 2008/01/09 v2.10 (rcs-revision 1.1)

(/usr/share/texmf/tex/generic/pgf/libraries/shapes/pgflibraryshapes.multipart.c
ode.tex
File: pgflibraryshapes.multipart.code.tex 2010/01/07 v2.10 (rcs-revision 1.2)
\pgfnodepartlowerbox=\box42
\pgfnodeparttwobox=\box43
\pgfnodepartthreebox=\box44
\pgfnodepartfourbox=\box45
\pgfnodeparttwentybox=\box46
\pgfnodepartnineteenbox=\box47
\pgfnodeparteighteenbox=\box48
\pgfnodepartseventeenbox=\box49
\pgfnodepartsixteenbox=\box50
\pgfnodepartfifteenbox=\box51
\pgfnodepartfourteenbox=\box52
\pgfnodepartthirteenbox=\box53
\pgfnodeparttwelvebox=\box54
\pgfnodepartelevenbox=\box55
\pgfnodeparttenbox=\box56
\pgfnodepartninebox=\box57
\pgfnodeparteightbox=\box58
\pgfnodepartsevenbox=\box59
\pgfnodepartsixbox=\box60
\pgfnodepartfivebox=\box61
)))
(/usr/share/texmf/tex/generic/pgf/frontendlayer/tikz/libraries/tikzlibraryshado
ws.code.tex
File: tikzlibraryshadows.code.tex 2008/01/13 v2.10 (rcs-revision 1.3)

(/usr/share/texmf/tex/generic/pgf/frontendlayer/tikz/libraries/tikzlibraryfadin
gs.code.tex
File: tikzlibraryfadings.code.tex 2009/11/15 v2.10 (rcs-revision 1.2)
(/usr/share/texmf/tex/generic/pgf/libraries/pgflibraryfadings.code.tex
File: pgflibraryfadings.code.tex 2008/02/07 v2.10 (rcs-revision 1.3)

Package pgf Warning: Your graphic driver pgfsys-dvips.def does not support fadi
ngs. This warning is given only once on input line 31.

)))
(/usr/share/texmf/tex/generic/pgf/frontendlayer/tikz/libraries/tikzlibraryarrow
s.code.tex
File: tikzlibraryarrows.code.tex 2008/01/09 v2.10 (rcs-revision 1.1)
(/usr/share/texmf/tex/generic/pgf/libraries/pgflibraryarrows.code.tex
File: pgflibraryarrows.code.tex 2008/10/27 v2.10 (rcs-revision 1.9)
\arrowsize=\dimen159
))
(/usr/share/texmf/tex/generic/pgf/frontendlayer/tikz/libraries/tikzlibrarybackg
rounds.code.tex
File: tikzlibrarybackgrounds.code.tex 2010/02/08 v2.10 (rcs-revision 1.2)
\pgf@layerbox@background=\box62
\pgf@layerboxsaved@background=\box63
)
(/usr/share/texmf/tex/generic/pgf/frontendlayer/tikz/libraries/tikzlibraryposit
ioning.code.tex
File: tikzlibrarypositioning.code.tex 2008/10/06 v2.10 (rcs-revision 1.7)
) (/usr/share/texlive/texmf-dist/tex/latex/listings/lstlang1.sty
File: lstlang1.sty 2004/09/05 1.3 listings language file
)
(/usr/share/texmf/tex/latex/pgf/frontendlayer/libraries/tikzlibraryexternal.cod
e.tex
(/usr/share/texmf/tex/generic/pgf/frontendlayer/tikz/libraries/tikzexternalshar
ed.code.tex
\tikzexternal@outfile=\write6
))
No auxiliary output files.

\w@pgfexternal@auxout=\write7
(/usr/share/texmf/tex/latex/biblatex/biblatex.sty
Package: biblatex 2011/11/13 v1.7 programmable bibliographies
(/usr/share/texmf/tex/latex/etoolbox/etoolbox.sty
Package: etoolbox 2011/01/03 v2.1 e-TeX tools for LaTeX
(/usr/share/texlive/texmf-dist/tex/latex/etex-pkg/etex.sty
Package: etex 1998/03/26 v2.0 eTeX basic definition package (PEB)
\et@xins=\count135
)
\etb@tempcnta=\count136
) (/usr/share/texmf/tex/latex/logreq/logreq.sty
Package: logreq 2010/08/04 v1.0 xml request logger
\lrq@indent=\count137
(/usr/share/texmf/tex/latex/logreq/logreq.def
File: logreq.def 2010/08/04 v1.0 logreq spec v1.0
))
\c@listtotal=\count138
\c@listcount=\count139
\c@liststart=\count140
\c@liststop=\count141
\c@citecount=\count142
\c@citetotal=\count143
\c@multicitecount=\count144
\c@multicitetotal=\count145
\c@instcount=\count146
\c@maxnames=\count147
\c@minnames=\count148
\c@maxitems=\count149
\c@minitems=\count150
\c@citecounter=\count151
\c@savedcitecounter=\count152
\c@uniquelist=\count153
\c@uniquename=\count154
\c@refsection=\count155
\c@refsegment=\count156
\c@maxextrayear=\count157
\c@maxextraalpha=\count158
\c@abbrvpenalty=\count159
\c@highnamepenalty=\count160
\c@lownamepenalty=\count161
\c@maxparens=\count162
\c@parenlevel=\count163
\blx@tempcnta=\count164
\blx@tempcntb=\count165
\blx@tempcntc=\count166
\blx@maxsection=\count167
\blx@maxsegment=\count168
\blx@notetype=\count169
\blx@parenlevel@text=\count170
\blx@parenlevel@foot=\count171
\labelnumberwidth=\skip59
\labelalphawidth=\skip60
\shorthandwidth=\skip61
\biblabelsep=\skip62
\bibitemsep=\skip63
\bibnamesep=\skip64
\bibinitsep=\skip65
\bibparsep=\skip66
\bibhang=\skip67
\blx@auxin=\read3
\blx@auxout=\write8
\c@mincomprange=\count172
\c@maxcomprange=\count173
\c@mincompwidth=\count174
\c@labelname=\count175
\c@savedlabelname=\count176
\c@author=\count177
\c@savedauthor=\count178
\c@shortauthor=\count179
\c@savedshortauthor=\count180
\c@editor=\count181
\c@savededitor=\count182
\c@editora=\count183
\c@savededitora=\count184
\c@editorb=\count185
\c@savededitorb=\count186
\c@editorc=\count187
\c@savededitorc=\count188
\c@shorteditor=\count189
\c@savedshorteditor=\count190
\c@bookauthor=\count191
\c@savedbookauthor=\count192
\c@translator=\count193
\c@savedtranslator=\count194
\c@annotator=\count195
\c@savedannotator=\count196
\c@commentator=\count197
\c@savedcommentator=\count198
\c@introduction=\count199
\c@savedintroduction=\count200
\c@foreword=\count201
\c@savedforeword=\count202
\c@afterword=\count203
\c@savedafterword=\count204
\c@holder=\count205
\c@savedholder=\count206
\c@namea=\count207
\c@savednamea=\count208
\c@nameb=\count209
\c@savednameb=\count210
\c@namec=\count211
\c@savednamec=\count212
\c@institution=\count213
\c@savedinstitution=\count214
\c@language=\count215
\c@savedlanguage=\count216
\c@location=\count217
\c@savedlocation=\count218
\c@organization=\count219
\c@savedorganization=\count220
\c@origlocation=\count221
\c@savedoriglocation=\count222
\c@origpublisher=\count223
\c@savedorigpublisher=\count224
\c@pageref=\count225
\c@savedpageref=\count226
\c@publisher=\count227
\c@savedpublisher=\count228
\c@lista=\count229
\c@savedlista=\count230
\c@listb=\count231
\c@savedlistb=\count232
\c@listc=\count233
Normal \count register pool exhausted, switching to extended pool.
\c@savedlistc=\count277
\c@listd=\count278
\c@savedlistd=\count279
\c@liste=\count280
\c@savedliste=\count281
\c@listf=\count282
\c@savedlistf=\count283
Package biblatex Info: Trying to load compatibility code...
Package biblatex Info: ... file 'blx-compat.def' found.
(/usr/share/texmf/tex/latex/biblatex/blx-compat.def
File: blx-compat.def 2011/11/13 v1.7 biblatex generic compatibility
)
Package biblatex Info: Trying to load generic definitions...
Package biblatex Info: ... file 'biblatex.def' found.
(/usr/share/texmf/tex/latex/biblatex/biblatex.def
File: biblatex.def 2011/11/13 v1.7 biblatex generic definitions
\c@biburlnumpenalty=\count284
\c@biburlucpenalty=\count285
\c@biburllcpenalty=\count286
\c@smartand=\count287
)
Package biblatex Info: Trying to load natbib compatibility...
Package biblatex Info: ... file 'blx-natbib.def' found.
(/usr/share/texmf/tex/latex/biblatex/blx-natbib.def
File: blx-natbib.def 2011/11/13 v1.7 biblatex natbib compatibility
)
Package biblatex Info: Trying to load bibliography style 'authoryear-comp'...
Package biblatex Info: ... file 'authoryear-comp.bbx' found.
(/usr/share/texmf/tex/latex/biblatex/bbx/authoryear-comp.bbx
File: authoryear-comp.bbx 2011/11/13 v1.7 biblatex bibliography style
Package biblatex Info: Trying to load bibliography style 'authoryear'...
Package biblatex Info: ... file 'authoryear.bbx' found.
(/usr/share/texmf/tex/latex/biblatex/bbx/authoryear.bbx
File: authoryear.bbx 2011/11/13 v1.7 biblatex bibliography style
Package biblatex Info: Trying to load bibliography style 'standard'...
Package biblatex Info: ... file 'standard.bbx' found.
(/usr/share/texmf/tex/latex/biblatex/bbx/standard.bbx
File: standard.bbx 2011/11/13 v1.7 biblatex bibliography style
)))
Package biblatex Info: Trying to load citation style 'authoryear-comp'...
Package biblatex Info: ... file 'authoryear-comp.cbx' found.
(/usr/share/texmf/tex/latex/biblatex/cbx/authoryear-comp.cbx
File: authoryear-comp.cbx 2011/11/13 v1.7 biblatex citation style
Package biblatex Info: Redefining '\cite'.
Package biblatex Info: Redefining '\parencite'.
Package biblatex Info: Redefining '\footcite'.
Package biblatex Info: Redefining '\footcitetext'.
Package biblatex Info: Redefining '\smartcite'.
Package biblatex Info: Redefining '\textcite'.
Package biblatex Info: Redefining '\cites'.
Package biblatex Info: Redefining '\parencites'.
Package biblatex Info: Redefining '\footcites'.
Package biblatex Info: Redefining '\footcitetexts'.
Package biblatex Info: Redefining '\smartcites'.
Package biblatex Info: Redefining '\textcites'.
)
Package biblatex Info: Trying to load configuration file...
Package biblatex Info: ... file 'biblatex.cfg' found.
(/usr/share/texmf/tex/latex/biblatex/biblatex.cfg
File: biblatex.cfg 
)) (/usr/share/texlive/texmf-dist/tex/latex/titlesec/titlesec.sty
Package: titlesec 2011/12/15 v2.10.0 Sectioning titles
\ttl@box=\box64
\beforetitleunit=\skip68
\aftertitleunit=\skip69
\ttl@plus=\dimen160
\ttl@minus=\dimen161
\ttl@toksa=\toks35
\titlewidth=\dimen162
\titlewidthlast=\dimen163
\titlewidthfirst=\dimen164
)
Package biblatex Info: Trying to load language 'english'...
Package biblatex Info: ... file 'english.lbx' found.
(/usr/share/texmf/tex/latex/biblatex/lbx/english.lbx
File: english.lbx 2011/11/13 v1.7 biblatex localization
)
\@quotelevel=\count288
\@quotereset=\count289
No file JNMansfield-CS440-ARM11-Report-figure0.aux.
LaTeX Font Info:    Checking defaults for OML/cmm/m/it on input line 84.
LaTeX Font Info:    ... okay on input line 84.
LaTeX Font Info:    Checking defaults for T1/cmr/m/n on input line 84.
LaTeX Font Info:    ... okay on input line 84.
LaTeX Font Info:    Checking defaults for OT1/cmr/m/n on input line 84.
LaTeX Font Info:    ... okay on input line 84.
LaTeX Font Info:    Checking defaults for OMS/cmsy/m/n on input line 84.
LaTeX Font Info:    ... okay on input line 84.
LaTeX Font Info:    Checking defaults for OMX/cmex/m/n on input line 84.
LaTeX Font Info:    ... okay on input line 84.
LaTeX Font Info:    Checking defaults for U/cmr/m/n on input line 84.
LaTeX Font Info:    ... okay on input line 84.
LaTeX Font Info:    Checking defaults for PD1/pdf/m/n on input line 84.
LaTeX Font Info:    ... okay on input line 84.
\AtBeginShipoutBox=\box65
Package hyperref Info: Link coloring OFF on input line 84.
(/usr/share/texlive/texmf-dist/tex/latex/hyperref/nameref.sty
Package: nameref 2010/04/30 v2.40 Cross-referencing by name of section
(/usr/share/texlive/texmf-dist/tex/generic/oberdiek/gettitlestring.sty
Package: gettitlestring 2010/12/03 v1.4 Cleanup title references (HO)
)
\c@section@level=\count290
)
LaTeX Info: Redefining \ref on input line 84.
LaTeX Info: Redefining \pageref on input line 84.
LaTeX Info: Redefining \nameref on input line 84.

Package hyperref Warning: Rerun to get /PageLabels entry.

\c@lstlisting=\count291
ABD: EveryShipout initializing macros
Package biblatex Info: Input encoding 'utf8' detected.
Package biblatex Info: Automatic encoding selection.
(biblatex)             Assuming data encoding 'utf8'.
Package biblatex Info: Reference section=0 on input line 84.
Package biblatex Info: Reference segment=0 on input line 84.
LaTeX Font Info:    External font `cmex10' loaded for size
(Font)              <10.95> on input line 96.
LaTeX Font Info:    External font `cmex10' loaded for size
(Font)              <8> on input line 96.
LaTeX Font Info:    External font `cmex10' loaded for size
(Font)              <6> on input line 96.

LaTeX Warning: Citation 'levy2005history' on page 2 undefined on input line 110
.


LaTeX Warning: Citation 'kamath2001system' on page 2 undefined on input line 11
0.


LaTeX Warning: Citation 'referenceB' on page 2 undefined on input line 120.

LaTeX Font Info:    Try loading font information for OMS+cmr on input line 124.

(/usr/share/texlive/texmf-dist/tex/latex/base/omscmr.fd
File: omscmr.fd 1999/05/25 v2.5h Standard LaTeX font definitions
)
LaTeX Font Info:    Font shape `OMS/cmr/m/n' in size <10.95> not available
(Font)              Font shape `OMS/cmsy/m/n' tried instead on input line 124.

LaTeX Warning: Citation 'referenceB' on page 2 undefined on input line 129.


LaTeX Warning: Citation 'ARM1176' on page 3 undefined on input line 138.


LaTeX Warning: Citation 'arm1176jzf-s' on page 3 undefined on input line 148.


LaTeX Warning: Citation 'A32' on page 4 undefined on input line 204.


LaTeX Warning: Citation 'A32' on page 4 undefined on input line 206.


LaTeX Warning: Citation 'referenceB' on page 4 undefined on input line 206.


LaTeX Warning: Citation 'referenceB' on page 5 undefined on input line 224.


LaTeX Warning: Citation 'referenceB' on page 5 undefined on input line 247.


LaTeX Warning: Citation 'referenceB' on page 6 undefined on input line 265.


LaTeX Warning: Citation 'referenceB' on page 6 undefined on input line 281.


LaTeX Warning: Citation 'referenceB' on page 7 undefined on input line 302.

\openout3 = `JNMansfield-CS440-ARM11-Report-figure0.pyg'.

runsystem(pygmentize -l gas -f latex -F tokenmerge             -P "verboptions=
 " -o JNMansfield-CS440-ARM11-Report-figure0.out.pyg JNMansfield-CS440-ARM11-Re
port-figure0.pyg)...executed.

(./JNMansfield-CS440-ARM11-Report-figure0.out.pyg
LaTeX Font Info:    Font shape `OT1/cmtt/bx/n' in size <10.95> not available
(Font)              Font shape `OT1/cmtt/m/n' tried instead on input line 2.
)
runsystem(rm JNMansfield-CS440-ARM11-Report-figure0.out.pyg)...executed.

runsystem(rm JNMansfield-CS440-ARM11-Report-figure0.pyg)...executed.

\openout3 = `JNMansfield-CS440-ARM11-Report-figure0.pyg'.

runsystem(pygmentize -l gas -f latex -F tokenmerge             -P "verboptions=
 " -o JNMansfield-CS440-ARM11-Report-figure0.out.pyg JNMansfield-CS440-ARM11-Re
port-figure0.pyg)...executed.

(./JNMansfield-CS440-ARM11-Report-figure0.out.pyg)
runsystem(rm JNMansfield-CS440-ARM11-Report-figure0.out.pyg)...executed.

runsystem(rm JNMansfield-CS440-ARM11-Report-figure0.pyg)...executed.


LaTeX Warning: Citation 'arm1176jzf-s' on page 8 undefined on input line 374.


LaTeX Warning: Citation 'arm1176jzf-s' on page 8 undefined on input line 378.


Overfull \hbox (22.93716pt too wide) in paragraph at lines 378--379
\OT1/cmr/m/n/10.95 ture. This ar-chi-tec-ture han-dles the fol-low-ing crit-i-c
al items ([]): 
 []


LaTeX Warning: Citation 'arm1176jzf-s' on page 9 undefined on input line 391.


Overfull \hbox (6.38338pt too wide) in paragraph at lines 391--392
[]\OT1/cmr/m/n/10.95 The load-store pipeline de-cou-ples loads and stores
 []


LaTeX Warning: Citation 'arm1176jzf-s' on page 9 undefined on input line 392.


Overfull \hbox (22.06407pt too wide) in paragraph at lines 392--393
\OT1/cmr/m/n/10.95 mem-ory and in-struc-tion TCM to pre-dict branch out-comes (
[]). 
 []


LaTeX Warning: Citation 'arm1176jzf-s' on page 9 undefined on input line 393.


LaTeX Warning: Citation 'arm1176jzf-s' on page 9 undefined on input line 394.


LaTeX Warning: Citation 'arm1176jzf-s' on page 9 undefined on input line 395.


Overfull \hbox (60.17499pt too wide) in paragraph at lines 395--396
\OT1/cmr/m/n/10.95 with the ARM1176JZF-S to han-dle ARM co-pro-ces-sor in-struc
-tions ([]). 
 []


LaTeX Warning: Citation 'arm1176jzf-s' on page 9 undefined on input line 396.


Overfull \hbox (9.60374pt too wide) in paragraph at lines 402--403
[]\OT1/cmr/m/n/10.95 Allows han-dling of cy-cle tim-
 []


LaTeX Warning: Citation 'arm1176jzf-s' on page 10 undefined on input line 403.


LaTeX Warning: Citation 'arm1176jzf-s' on page 10 undefined on input line 404.


Overfull \hbox (56.11765pt too wide) in paragraph at lines 404--405
[]\OT1/cmr/m/n/10.95 Controls the mem-ory sys-tem and other func-tion-al-ity ([
]). 
 []


LaTeX Warning: Citation 'arm1176jzf-s' on page 10 undefined on input line 405.

\openout7 = `JNMansfield-CS440-ARM11-Report-figure0.dpth'.


Underfull \hbox (badness 1281) in paragraph at lines 432--432
 [][][]\OT1/cmr/m/n/8 common de-code pipeline 
 []

\HyPL@Entry{0<</S/D /St 10>>}
[10




]

LaTeX Warning: Citation 'arm1176jzf-s' on page 11 undefined on input line 509.


LaTeX Warning: Citation 'arm1176jzf-s' on page 11 undefined on input line 511.


LaTeX Warning: Citation 'arm7' on page 11 undefined on input line 511.


LaTeX Warning: Citation 'arm1176jzf-s' on page 11 undefined on input line 522.


LaTeX Warning: Citation 'arm7' on page 12 undefined on input line 526.

\openout3 = `JNMansfield-CS440-ARM11-Report-figure0.pyg'.

runsystem(pygmentize -l gas -f latex -F tokenmerge             -P "verboptions=
 " -o JNMansfield-CS440-ARM11-Report-figure0.out.pyg JNMansfield-CS440-ARM11-Re
port-figure0.pyg)...executed.

(./JNMansfield-CS440-ARM11-Report-figure0.out.pyg)
runsystem(rm JNMansfield-CS440-ARM11-Report-figure0.out.pyg)...executed.

runsystem(rm JNMansfield-CS440-ARM11-Report-figure0.pyg)...executed.

\openout3 = `JNMansfield-CS440-ARM11-Report-figure0.pyg'.

runsystem(pygmentize -l gdb -f latex -F tokenmerge             -P "verboptions=
 " -o JNMansfield-CS440-ARM11-Report-figure0.out.pyg JNMansfield-CS440-ARM11-Re
port-figure0.pyg)...executed.

(./JNMansfield-CS440-ARM11-Report-figure0.out.pyg)
runsystem(rm JNMansfield-CS440-ARM11-Report-figure0.out.pyg)...executed.

runsystem(rm JNMansfield-CS440-ARM11-Report-figure0.pyg)...executed.


LaTeX Warning: Citation 'arm1176jzf-s' on page 13 undefined on input line 576.

A tikzpicture has been optimized away. Use '/tikz/external/optimize=false' to d
isable this.

LaTeX Warning: Citation 'davespace' on page 14 undefined on input line 641.

\openout3 = `JNMansfield-CS440-ARM11-Report-figure0.pyg'.

runsystem(pygmentize -l gas -f latex -F tokenmerge             -P "verboptions=
 " -o JNMansfield-CS440-ARM11-Report-figure0.out.pyg JNMansfield-CS440-ARM11-Re
port-figure0.pyg)...executed.

(./JNMansfield-CS440-ARM11-Report-figure0.out.pyg)
runsystem(rm JNMansfield-CS440-ARM11-Report-figure0.out.pyg)...executed.

runsystem(rm JNMansfield-CS440-ARM11-Report-figure0.pyg)...executed.

\openout3 = `JNMansfield-CS440-ARM11-Report-figure0.pyg'.

runsystem(pygmentize -l trac-wiki -f latex -F tokenmerge             -P "verbop
tions= " -o JNMansfield-CS440-ARM11-Report-figure0.out.pyg JNMansfield-CS440-AR
M11-Report-figure0.pyg)...executed.

(./JNMansfield-CS440-ARM11-Report-figure0.out.pyg)
runsystem(rm JNMansfield-CS440-ARM11-Report-figure0.out.pyg)...executed.

runsystem(rm JNMansfield-CS440-ARM11-Report-figure0.pyg)...executed.

\openout3 = `JNMansfield-CS440-ARM11-Report-figure0.pyg'.

runsystem(pygmentize -l gdb -f latex -F tokenmerge             -P "verboptions=
 " -o JNMansfield-CS440-ARM11-Report-figure0.out.pyg JNMansfield-CS440-ARM11-Re
port-figure0.pyg)...executed.

(./JNMansfield-CS440-ARM11-Report-figure0.out.pyg)
runsystem(rm JNMansfield-CS440-ARM11-Report-figure0.out.pyg)...executed.

runsystem(rm JNMansfield-CS440-ARM11-Report-figure0.pyg)...executed.

A tikzpicture has been optimized away. Use '/tikz/external/optimize=false' to d
isable this.

LaTeX Warning: Citation 'arm1176jzf-s' on page 15 undefined on input line 752.


LaTeX Warning: Citation 'arm1176jzf-s' on page 15 undefined on input line 752.

A tikzpicture has been optimized away. Use '/tikz/external/optimize=false' to d
isable this.

LaTeX Warning: Citation 'arm1176jzf-s' on page 16 undefined on input line 841.

A tikzpicture has been optimized away. Use '/tikz/external/optimize=false' to d
isable this.
A tikzpicture has been optimized away. Use '/tikz/external/optimize=false' to d
isable this.

LaTeX Warning: Citation 'arm1176jzf-s' on page 16 undefined on input line 1026.



LaTeX Warning: Citation 'arm1176jzf-s' on page 17 undefined on input line 1038.



LaTeX Warning: Citation 'arm1176jzf-s' on page 17 undefined on input line 1044.


\openout3 = `JNMansfield-CS440-ARM11-Report-figure0.pyg'.

runsystem(pygmentize -l gas -f latex -F tokenmerge             -P "verboptions=
 " -o JNMansfield-CS440-ARM11-Report-figure0.out.pyg JNMansfield-CS440-ARM11-Re
port-figure0.pyg)...executed.

(./JNMansfield-CS440-ARM11-Report-figure0.out.pyg)
runsystem(rm JNMansfield-CS440-ARM11-Report-figure0.out.pyg)...executed.

runsystem(rm JNMansfield-CS440-ARM11-Report-figure0.pyg)...executed.

\openout3 = `JNMansfield-CS440-ARM11-Report-figure0.pyg'.

runsystem(pygmentize -l gas -f latex -F tokenmerge             -P "verboptions=
 " -o JNMansfield-CS440-ARM11-Report-figure0.out.pyg JNMansfield-CS440-ARM11-Re
port-figure0.pyg)...executed.

(./JNMansfield-CS440-ARM11-Report-figure0.out.pyg)
runsystem(rm JNMansfield-CS440-ARM11-Report-figure0.out.pyg)...executed.

runsystem(rm JNMansfield-CS440-ARM11-Report-figure0.pyg)...executed.


LaTeX Warning: Citation 'arm1176jzf-s' on page 18 undefined on input line 1064.


\openout3 = `JNMansfield-CS440-ARM11-Report-figure0.pyg'.

runsystem(pygmentize -l gas -f latex -F tokenmerge             -P "verboptions=
 " -o JNMansfield-CS440-ARM11-Report-figure0.out.pyg JNMansfield-CS440-ARM11-Re
port-figure0.pyg)...executed.

(./JNMansfield-CS440-ARM11-Report-figure0.out.pyg)
runsystem(rm JNMansfield-CS440-ARM11-Report-figure0.out.pyg)...executed.

runsystem(rm JNMansfield-CS440-ARM11-Report-figure0.pyg)...executed.

\openout3 = `JNMansfield-CS440-ARM11-Report-figure0.pyg'.

runsystem(pygmentize -l gas -f latex -F tokenmerge             -P "verboptions=
 " -o JNMansfield-CS440-ARM11-Report-figure0.out.pyg JNMansfield-CS440-ARM11-Re
port-figure0.pyg)...executed.

(./JNMansfield-CS440-ARM11-Report-figure0.out.pyg)
runsystem(rm JNMansfield-CS440-ARM11-Report-figure0.out.pyg)...executed.

runsystem(rm JNMansfield-CS440-ARM11-Report-figure0.pyg)...executed.


LaTeX Warning: Citation 'apple' on page 18 undefined on input line 1084.


LaTeX Warning: Citation 'amd' on page 18 undefined on input line 1084.


LaTeX Warning: Empty bibliography on input line 1087.

Package atveryend Info: Empty hook `BeforeClearDocument' on input line 1089.
Package atveryend Info: Empty hook `AfterLastShipout' on input line 1089.
Package atveryend Info: Empty hook `AtVeryEndDocument' on input line 1089.
Package atveryend Info: Empty hook `AtEndAfterFileList' on input line 1089.

LaTeX Warning: There were undefined references.


Package biblatex Warning: Please (re)run Biber on the file:
(biblatex)                JNMansfield-CS440-ARM11-Report-figure0
(biblatex)                and rerun LaTeX afterwards.

Package logreq Info: Writing requests to 'JNMansfield-CS440-ARM11-Report-figure
0.run.xml'.
\openout1 = `JNMansfield-CS440-ARM11-Report-figure0.run.xml'.

Package atveryend Info: Empty hook `AtVeryVeryEnd' on input line 1089.
 ) 
Here is how much of TeX's memory you used:
 23163 strings out of 493486
 428315 string characters out of 3143550
 688578 words of memory out of 3000000
 26047 multiletter control sequences out of 15000+200000
 11023 words of font info for 39 fonts, out of 3000000 for 9000
 957 hyphenation exceptions out of 8191
 57i,11n,69p,1094b,918s stack positions out of 5000i,500n,10000p,200000b,50000s

Output written on JNMansfield-CS440-ARM11-Report-figure0.dvi (1 page, 68676 byt
es).
